0 verbose cli /Users/rafaelsena/.nvm/versions/node/v20.19.6/bin/node /Users/rafaelsena/.nvm/versions/node/v20.19.6/bin/npm
1 info using npm@10.8.2
2 info using node@v20.19.6
3 silly config load:file:/Users/rafaelsena/.nvm/versions/node/v20.19.6/lib/node_modules/npm/npmrc
4 silly config load:file:/Users/rafaelsena/Desktop/Projetos-apps/Ecossistema-Faith-Hub/faith-hub-app/.npmrc
5 silly config load:file:/Users/rafaelsena/.nvm/versions/node/v20.19.6/etc/npmrc
6 verbose title npm install
7 verbose argv "install" "--cache" "./.npm-cache" "--userconfig" "./.npmrc"
8 verbose logfile logs-max:10 dir:/Users/rafaelsena/Desktop/Projetos-apps/Ecossistema-Faith-Hub/faith-hub-app/.npm-cache/_logs/2026-03-25T03_46_04_366Z-
9 verbose logfile /Users/rafaelsena/Desktop/Projetos-apps/Ecossistema-Faith-Hub/faith-hub-app/.npm-cache/_logs/2026-03-25T03_46_04_366Z-debug-0.log
10 silly packumentCache heap:2197815296 maxSize:549453824 maxEntrySize:274726912
11 silly logfile done cleaning log files
12 silly idealTree buildDeps
13 silly reify moves {}
14 verbose stack Error: EPERM: operation not permitted, mkdir '/Users/rafaelsena/Desktop/Projetos-apps/Ecossistema-Faith-Hub/faith-hub-app/node_modules/@0no-co'
14 verbose stack     at async mkdir (node:internal/fs/promises:858:10)
14 verbose stack     at async /Users/rafaelsena/.nvm/versions/node/v20.19.6/lib/node_modules/npm/node_modules/@npmcli/arborist/lib/arborist/reify.js:624:20
14 verbose stack     at async Promise.allSettled (index 0)
14 verbose stack     at async [reifyPackages] (/Users/rafaelsena/.nvm/versions/node/v20.19.6/lib/node_modules/npm/node_modules/@npmcli/arborist/lib/arborist/reify.js:325:11)
14 verbose stack     at async Arborist.reify (/Users/rafaelsena/.nvm/versions/node/v20.19.6/lib/node_modules/npm/node_modules/@npmcli/arborist/lib/arborist/reify.js:142:5)
14 verbose stack     at async Install.exec (/Users/rafaelsena/.nvm/versions/node/v20.19.6/lib/node_modules/npm/lib/commands/install.js:150:5)
14 verbose stack     at async Npm.exec (/Users/rafaelsena/.nvm/versions/node/v20.19.6/lib/node_modules/npm/lib/npm.js:207:9)
14 verbose stack     at async module.exports (/Users/rafaelsena/.nvm/versions/node/v20.19.6/lib/node_modules/npm/lib/cli/entry.js:74:5)
15 error code EPERM
16 error syscall mkdir
17 error path /Users/rafaelsena/Desktop/Projetos-apps/Ecossistema-Faith-Hub/faith-hub-app/node_modules/@0no-co
18 error errno -1
19 error Error: EPERM: operation not permitted, mkdir '/Users/rafaelsena/Desktop/Projetos-apps/Ecossistema-Faith-Hub/faith-hub-app/node_modules/@0no-co'
19 error     at async mkdir (node:internal/fs/promises:858:10)
19 error     at async /Users/rafaelsena/.nvm/versions/node/v20.19.6/lib/node_modules/npm/node_modules/@npmcli/arborist/lib/arborist/reify.js:624:20
19 error     at async Promise.allSettled (index 0)
19 error     at async [reifyPackages] (/Users/rafaelsena/.nvm/versions/node/v20.19.6/lib/node_modules/npm/node_modules/@npmcli/arborist/lib/arborist/reify.js:325:11)
19 error     at async Arborist.reify (/Users/rafaelsena/.nvm/versions/node/v20.19.6/lib/node_modules/npm/node_modules/@npmcli/arborist/lib/arborist/reify.js:142:5)
19 error     at async Install.exec (/Users/rafaelsena/.nvm/versions/node/v20.19.6/lib/node_modules/npm/lib/commands/install.js:150:5)
19 error     at async Npm.exec (/Users/rafaelsena/.nvm/versions/node/v20.19.6/lib/node_modules/npm/lib/npm.js:207:9)
19 error     at async module.exports (/Users/rafaelsena/.nvm/versions/node/v20.19.6/lib/node_modules/npm/lib/cli/entry.js:74:5) {
19 error   errno: -1,
19 error   code: 'EPERM',
19 error   syscall: 'mkdir',
19 error   path: '/Users/rafaelsena/Desktop/Projetos-apps/Ecossistema-Faith-Hub/faith-hub-app/node_modules/@0no-co'
19 error }
20 error
20 error The operation was rejected by your operating system.
20 error It is likely you do not have the permissions to access this file as the current user
20 error
20 error If you believe this might be a permissions issue, please double-check the
20 error permissions of the file and its containing directories, or try running
20 error the command again as root/Administrator.
21 silly unfinished npm timer reify 1774410364635
22 silly unfinished npm timer reify:createSparse 1774410364865
23 verbose cwd /Users/rafaelsena/Desktop/Projetos-apps/Ecossistema-Faith-Hub/faith-hub-app
24 verbose os Darwin 25.3.0
25 verbose node v20.19.6
26 verbose npm  v10.8.2
27 verbose exit -1
28 verbose code -1
29 error A complete log of this run can be found in: /Users/rafaelsena/Desktop/Projetos-apps/Ecossistema-Faith-Hub/faith-hub-app/.npm-cache/_logs/2026-03-25T03_46_04_366Z-debug-0.log
